<?xml version="1.0" encoding="UTF-8"?>
<!-- Generated by org.testng.reporters.JUnitReportReporter -->
<testsuite hostname="WIZELINE.local" failures="0" tests="1" name="Tests.TestsExtentReportsBasic1" time="6.835" errors="0" timestamp="2023-02-22T13:23:01 CST" skipped="0">
  <testcase classname="Tests.TestsExtentReportsBasic1" name="TestMethod1" time="6.835"/>
  <system-out/>
</testsuite> <!-- Tests.TestsExtentReportsBasic1 -->
