<?xml version="1.0" encoding="UTF-8"?>
<!-- Generated by org.testng.reporters.JUnitReportReporter -->
<testsuite hostname="WIZELINE.local" failures="0" tests="1" name="Tests.TestsExtentReportsBasic" time="8.595" errors="0" timestamp="2023-02-22T13:23:01 CST" skipped="0">
  <testcase classname="Tests.TestsExtentReportsBasic" name="TestMethod1" time="8.595"/>
  <system-out/>
</testsuite> <!-- Tests.TestsExtentReportsBasic -->
