<?xml version="1.0" encoding="UTF-8"?>
<!-- Generated by org.testng.reporters.JUnitReportReporter -->
<testsuite hostname="WIZELINE.local" failures="0" tests="1" name="Tests.Tests" time="10.649" errors="0" timestamp="2023-02-21T14:10:26 CST" skipped="0">
  <testcase classname="Tests.Tests" name="f" time="10.649"/>
  <system-out/>
</testsuite> <!-- Tests.Tests -->
