<?xml version="1.0" encoding="UTF-8"?>
<!-- Generated by org.testng.reporters.JUnitReportReporter -->
<testsuite hostname="WIZELINE.local" failures="0" tests="2" name="Tests.Tests2" time="18.795" errors="0" timestamp="2023-02-21T15:24:23 CST" skipped="0">
  <testcase classname="Tests.Tests2" name="f" time="5.905"/>
  <system-out/>
  <testcase classname="Tests.Tests2" name="f" time="12.890"/>
  <system-out/>
</testsuite> <!-- Tests.Tests2 -->
